#
# There is insufficient memory for the Java Runtime Environment to continue.
# Native memory allocation (malloc) failed to allocate 1048576 bytes. Error detail: AllocateHeap
# Possible reasons:
#   The system is out of physical RAM or swap space
#   This process is running with CompressedOops enabled, and the Java Heap may be blocking the growth of the native heap
# Possible solutions:
#   Reduce memory load on the system
#   Increase physical memory or swap space
#   Check if swap backing store is full
#   Decrease Java heap size (-Xmx/-Xms)
#   Decrease number of Java threads
#   Decrease Java thread stack sizes (-Xss)
#   Set larger code cache with -XX:ReservedCodeCacheSize=
#   JVM is running with Unscaled Compressed Oops mode in which the Java heap is
#     placed in the first 4GB address space. The Java Heap base address is the
#     maximum limit for the native heap growth. Please use -XX:HeapBaseMinAddress
#     to set the Java Heap base and to place the Java Heap above 4GB virtual address.
# This output file may be truncated or incomplete.
#
#  Out of Memory Error (allocation.cpp:44), pid=6212, tid=8400
#
# JRE version:  (21.0.3+13) (build )
# Java VM: OpenJDK 64-Bit Server VM (21.0.3+13-b509.11, mixed mode, sharing, tiered, compressed oops, compressed class ptrs, g1 gc, windows-amd64)
# No core dump will be written. Minidumps are not enabled by default on client versions of Windows
#

---------------  S U M M A R Y ------------

Command Line: git4idea.http.GitAskPassApp Username for 'https://github.com': 

Host: AMD Ryzen 5 PRO 4650U with Radeon Graphics, 12 cores, 7G,  Windows 10 , 64 bit Build 19041 (10.0.19041.4597)
Time: Fri Aug 30 13:36:46 2024 RTZ 4 (s 10 , 64 bit Build 19041 (10.0.19041.4597) elapsed time: 0.007320 seconds (0d 0h 0m 0s)

---------------  T H R E A D  ---------------

Current thread (0x000001c2535fdfe0):  JavaThread "Unknown thread" [_thread_in_vm, id=8400, stack(0x000000761ee00000,0x000000761ef00000) (1024K)]

Stack: [0x000000761ee00000,0x000000761ef00000]
Native frames: (J=compiled Java code, j=interpreted, Vv=VM code, C=native code)
V  [jvm.dll+0x6e02f9]
V  [jvm.dll+0x8bd383]
V  [jvm.dll+0x8bf8de]
V  [jvm.dll+0x8bffc3]
V  [jvm.dll+0x2879c6]
V  [jvm.dll+0xc0827]
V  [jvm.dll+0x33a755]
V  [jvm.dll+0x332e41]
V  [jvm.dll+0x8845e9]
V  [jvm.dll+0x3c5f38]
V  [jvm.dll+0x86d80d]
V  [jvm.dll+0x45ab9e]
V  [jvm.dll+0x45c771]
C  [jli.dll+0x52ab]
C  [ucrtbase.dll+0x21bb2]
C  [KERNEL32.DLL+0x17374]
C  [ntdll.dll+0x4cc91]


---------------  P R O C E S S  ---------------

Threads class SMR info:
_java_thread_list=0x00007fff740dd108, length=0, elements={
}

Java Threads: ( => current thread )
Total: 0

Other Threads:
  0x000001c2557cddf0 WorkerThread "GC Thread#0"                     [id=9104, stack(0x000000761ef00000,0x000000761f000000) (1024K)]

[error occurred during error reporting (printing all threads), id 0xc0000005, EXCEPTION_ACCESS_VIOLATION (0xc0000005) at pc=0x00007fff737cf350]
VM state: not at safepoint (not fully initialized)

VM Mutex/Monitor currently owned by a thread:  ([mutex/lock_event])
[0x00007fff74151858] Heap_lock - owner thread: 0x000001c2535fdfe0

Heap address: 0x000000008a000000, size: 1888 MB, Compressed Oops mode: 32-bit

CDS archive(s) mapped at: [0x0000000000000000-0x0000000000000000-0x0000000000000000), size 0, SharedBaseAddress: 0x0000000800000000, ArchiveRelocationMode: 1.
Narrow klass base: 0x0000000000000000, Narrow klass shift: 0, Narrow klass range: 0x0

GC Precious Log:
 CardTable entry size: 512
 Card Set container configuration: InlinePtr #cards 5 size 8 Array Of Cards #cards 12 size 40 Howl #buckets 4 coarsen threshold 1843 Howl Bitmap #cards 512 size 80 coarsen threshold 460 Card regions per heap region 1 cards per card region 2048

Heap:
 garbage-first heap   total 0K, used 0K [0x000000008a000000, 0x0000000100000000)
  region size 1024K, 0 young (0K), 0 survivors (0K)
 Metaspace       used 0K, committed 0K, reserved 0K
  class space    used 0K, committed 0K, reserved 0K

Heap Regions: E=young(eden), S=young(survivor), O=old, HS=humongous(starts), HC=humongous(continues), CS=collection set, F=free, TAMS=top-at-mark-start, PB=parsable bottom

Card table byte_map: [0x000001c268fc0000,0x000001c269370000] _byte_map_base: 0x000001c268b70000

GC Heap History (0 events):
No events

Dll operation events (1 events):
Event: 0.004 Loaded shared library C:\Program Files\JetBrains\IntelliJ IDEA Community Edition 2024.2.0.2\jbr\bin\java.dll

Deoptimization events (0 events):
No events

Classes loaded (0 events):
No events

Classes unloaded (0 events):
No events

Classes redefined (0 events):
No events

Internal exceptions (0 events):
No events

ZGC Phase Switch (0 events):
No events

VM Operations (0 events):
No events

Events (0 events):
No events


Dynamic libraries:
0x00007ff762d00000 - 0x00007ff762d0a000 	C:\Program Files\JetBrains\IntelliJ IDEA Community Edition 2024.2.0.2\jbr\bin\java.exe
0x00007fffb35b0000 - 0x00007fffb37a8000 	C:\Windows\SYSTEM32\ntdll.dll
0x00007fffb2740000 - 0x00007fffb2801000 	C:\Windows\System32\KERNEL32.DLL
0x00007fffb0e30000 - 0x00007fffb1126000 	C:\Windows\System32\KERNELBASE.dll
0x00007fffb0d30000 - 0x00007fffb0e30000 	C:\Windows\System32\ucrtbase.dll
0x00007fff9edf0000 - 0x00007fff9ee08000 	C:\Program Files\JetBrains\IntelliJ IDEA Community Edition 2024.2.0.2\jbr\bin\jli.dll
0x00007fffabfd0000 - 0x00007fffabfeb000 	C:\Program Files\JetBrains\IntelliJ IDEA Community Edition 2024.2.0.2\jbr\bin\VCRUNTIME140.dll
0x00007fffb25a0000 - 0x00007fffb273f000 	C:\Windows\System32\USER32.dll
0x00007fffb0d00000 - 0x00007fffb0d22000 	C:\Windows\System32\win32u.dll
0x00007fff9c940000 - 0x00007fff9cbda000 	C:\Windows\WinSxS\amd64_microsoft.windows.common-controls_6595b64144ccf1df_6.0.19041.4355_none_60b8b9eb71f62e16\COMCTL32.dll
0x00007fffb3010000 - 0x00007fffb303b000 	C:\Windows\System32\GDI32.dll
0x00007fffb2f70000 - 0x00007fffb300e000 	C:\Windows\System32\msvcrt.dll
0x00007fffb11e0000 - 0x00007fffb12f7000 	C:\Windows\System32\gdi32full.dll
0x00007fffb0c60000 - 0x00007fffb0cfd000 	C:\Windows\System32\msvcp_win.dll
0x00007fffb1770000 - 0x00007fffb179f000 	C:\Windows\System32\IMM32.DLL
0x00007fffac6b0000 - 0x00007fffac6bc000 	C:\Program Files\JetBrains\IntelliJ IDEA Community Edition 2024.2.0.2\jbr\bin\vcruntime140_1.dll
0x00007fff77b50000 - 0x00007fff77bdd000 	C:\Program Files\JetBrains\IntelliJ IDEA Community Edition 2024.2.0.2\jbr\bin\msvcp140.dll
0x00007fff73490000 - 0x00007fff74242000 	C:\Program Files\JetBrains\IntelliJ IDEA Community Edition 2024.2.0.2\jbr\bin\server\jvm.dll
0x00007fffb34c0000 - 0x00007fffb3570000 	C:\Windows\System32\ADVAPI32.dll
0x00007fffb21a0000 - 0x00007fffb2240000 	C:\Windows\System32\sechost.dll
0x00007fffb3050000 - 0x00007fffb3173000 	C:\Windows\System32\RPCRT4.dll
0x00007fffb15b0000 - 0x00007fffb15d7000 	C:\Windows\System32\bcrypt.dll
0x00007fffb2810000 - 0x00007fffb287b000 	C:\Windows\System32\WS2_32.dll
0x00007fffae0b0000 - 0x00007fffae0d7000 	C:\Windows\SYSTEM32\WINMM.dll
0x00007fffb0a00000 - 0x00007fffb0a4b000 	C:\Windows\SYSTEM32\POWRPROF.dll
0x00007fffad3a0000 - 0x00007fffad3aa000 	C:\Windows\SYSTEM32\VERSION.dll
0x00007fffb09e0000 - 0x00007fffb09f2000 	C:\Windows\SYSTEM32\UMPDC.dll
0x00007fffaf480000 - 0x00007fffaf492000 	C:\Windows\SYSTEM32\kernel.appcore.dll
0x00007fffac6a0000 - 0x00007fffac6aa000 	C:\Program Files\JetBrains\IntelliJ IDEA Community Edition 2024.2.0.2\jbr\bin\jimage.dll
0x00007fffaea80000 - 0x00007fffaec64000 	C:\Windows\SYSTEM32\DBGHELP.DLL
0x00007fffae070000 - 0x00007fffae0a4000 	C:\Windows\SYSTEM32\dbgcore.DLL
0x00007fffb1520000 - 0x00007fffb15a2000 	C:\Windows\System32\bcryptPrimitives.dll
0x00007fffabfb0000 - 0x00007fffabfcf000 	C:\Program Files\JetBrains\IntelliJ IDEA Community Edition 2024.2.0.2\jbr\bin\java.dll

dbghelp: loaded successfully - version: 4.0.5 - missing functions: none
symbol engine: initialized successfully - sym options: 0x614 - pdb path: .;C:\Program Files\JetBrains\IntelliJ IDEA Community Edition 2024.2.0.2\jbr\bin;C:\Windows\SYSTEM32;C:\Windows\WinSxS\amd64_microsoft.windows.common-controls_6595b64144ccf1df_6.0.19041.4355_none_60b8b9eb71f62e16;C:\Program Files\JetBrains\IntelliJ IDEA Community Edition 2024.2.0.2\jbr\bin\server

VM Arguments:
java_command: git4idea.http.GitAskPassApp Username for 'https://github.com': 
java_class_path (initial): C:/Program Files/JetBrains/IntelliJ IDEA Community Edition 2024.2.0.2/plugins/vcs-git/lib/git4idea-rt.jar;C:/Program Files/JetBrains/IntelliJ IDEA Community Edition 2024.2.0.2/lib/externalProcess-rt.jar
Launcher Type: SUN_STANDARD

[Global flags]
     intx CICompilerCount                          = 4                                         {product} {ergonomic}
     uint ConcGCThreads                            = 3                                         {product} {ergonomic}
     uint G1ConcRefinementThreads                  = 10                                        {product} {ergonomic}
   size_t G1HeapRegionSize                         = 1048576                                   {product} {ergonomic}
    uintx GCDrainStackTargetSize                   = 64                                        {product} {ergonomic}
   size_t InitialHeapSize                          = 123731968                                 {product} {ergonomic}
   size_t MarkStackSize                            = 4194304                                   {product} {ergonomic}
   size_t MaxHeapSize                              = 1979711488                                {product} {ergonomic}
   size_t MinHeapDeltaBytes                        = 1048576                                   {product} {ergonomic}
   size_t MinHeapSize                              = 8388608                                   {product} {ergonomic}
    uintx NonNMethodCodeHeapSize                   = 5839372                                {pd product} {ergonomic}
    uintx NonProfiledCodeHeapSize                  = 122909434                              {pd product} {ergonomic}
    uintx ProfiledCodeHeapSize                     = 122909434                              {pd product} {ergonomic}
    uintx ReservedCodeCacheSize                    = 251658240                              {pd product} {ergonomic}
     bool SegmentedCodeCache                       = true                                      {product} {ergonomic}
   size_t SoftMaxHeapSize                          = 1979711488                             {manageable} {ergonomic}
     bool UseCompressedOops                        = true                           {product lp64_product} {ergonomic}
     bool UseG1GC                                  = true                                      {product} {ergonomic}
     bool UseLargePagesIndividualAllocation        = false                                  {pd product} {ergonomic}

Logging:
Log output configuration:
 #0: stdout all=warning uptime,level,tags foldmultilines=false
 #1: stderr all=off uptime,level,tags foldmultilines=false

Environment Variables:
PATH=C:\Program Files\Git\mingw64\libexec\git-core;C:\Program Files\Git\mingw64\libexec\git-core;C:\Program Files\Git\mingw64\bin;C:\Program Files\Git\usr\bin;C:\Users\Администратор\bin;C:\Windows\system32;C:\Windows;C:\Windows\System32\Wbem;C:\Windows\System32\WindowsPowerShell\v1.0;C:\Windows\System32\OpenSSH;C:\Program Files\Git\cmd;C:\Users\Администратор\AppData\Local\Microsoft\WindowsApps
USERNAME=Администратор
DISPLAY=:0.0
LC_ALL=en_US.UTF-8
TERM=xterm-256color
TMPDIR=C:\Users\836D~1\AppData\Local\Temp
OS=Windows_NT
PROCESSOR_IDENTIFIER=AMD64 Family 23 Model 96 Stepping 1, AuthenticAMD
TMP=C:\Users\836D~1\AppData\Local\Temp
TEMP=C:\Users\836D~1\AppData\Local\Temp




Periodic native trim disabled

JNI global refs:
JNI global refs: 0, weak refs: 0

JNI global refs memory usage: 0, weak refs: 0

Process memory usage:
Resident Set Size: 10708K (0% of 7725484K total physical memory with 1122152K free physical memory)

OOME stack traces (most recent first):
Classloader memory used:

---------------  S Y S T E M  ---------------

OS:
 Windows 10 , 64 bit Build 19041 (10.0.19041.4597)
OS uptime: 0 days 4:14 hours
Hyper-V role detected

CPU: total 12 (initial active 12) (12 cores per cpu, 2 threads per core) family 23 model 96 stepping 1 microcode 0x0, cx8, cmov, fxsr, ht, mmx, 3dnowpref, sse, sse2, sse3, ssse3, sse4a, sse4.1, sse4.2, popcnt, lzcnt, tsc, tscinvbit, avx, avx2, aes, clmul, bmi1, bmi2, adx, sha, fma, vzeroupper, clflush, clflushopt, hv, rdtscp, rdpid, f16c
Processor Information for all 12 processors :
  Max Mhz: 2100, Current Mhz: 2100, Mhz Limit: 2100

Memory: 4k page, system-wide physical 7544M (1095M free)
TotalPageFile size 7544M (AvailPageFile size 5M)
current process WorkingSet (physical memory assigned to process): 10M, peak: 10M
current process commit charge ("private bytes"): 60M, peak: 61M

vm_info: OpenJDK 64-Bit Server VM (21.0.3+13-b509.11) for windows-amd64 JRE (21.0.3+13-b509.11), built on 2024-08-12 by "builduser" with MS VC++ 16.10 / 16.11 (VS2019)

END.
