#
# There is insufficient memory for the Java Runtime Environment to continue.
# Native memory allocation (mmap) failed to map 123731968 bytes for G1 virtual space
# Possible reasons:
#   The system is out of physical RAM or swap space
#   The process is running with CompressedOops enabled, and the Java Heap may be blocking the growth of the native heap
# Possible solutions:
#   Reduce memory load on the system
#   Increase physical memory or swap space
#   Check if swap backing store is full
#   Decrease Java heap size (-Xmx/-Xms)
#   Decrease number of Java threads
#   Decrease Java thread stack sizes (-Xss)
#   Set larger code cache with -XX:ReservedCodeCacheSize=
#   JVM is running with Unscaled Compressed Oops mode in which the Java heap is
#     placed in the first 4GB address space. The Java Heap base address is the
#     maximum limit for the native heap growth. Please use -XX:HeapBaseMinAddress
#     to set the Java Heap base and to place the Java Heap above 4GB virtual address.
# This output file may be truncated or incomplete.
#
#  Out of Memory Error (os_windows.cpp:3825), pid=3420, tid=1620
#
# JRE version:  (17.0.10+8) (build )
# Java VM: OpenJDK 64-Bit Server VM (17.0.10+8-b1207.12, mixed mode, sharing, tiered, compressed oops, compressed class ptrs, g1 gc, windows-amd64)
# No core dump will be written. Minidumps are not enabled by default on client versions of Windows
#

---------------  S U M M A R Y ------------

Command Line: git4idea.http.GitAskPassApp Username for 'https://github.com': 

Host: AMD Ryzen 5 PRO 4650U with Radeon Graphics, 12 cores, 7G,  Windows 10 , 64 bit Build 19041 (10.0.19041.4597)
Time: Tue Aug 20 22:47:29 2024 RTZ 4 (s 10 , 64 bit Build 19041 (10.0.19041.4597) elapsed time: 0.010160 seconds (0d 0h 0m 0s)

---------------  T H R E A D  ---------------

Current thread (0x000001d52de021a0):  JavaThread "Unknown thread" [_thread_in_vm, id=1620, stack(0x00000068b0000000,0x00000068b0100000)]

Stack: [0x00000068b0000000,0x00000068b0100000]
Native frames: (J=compiled Java code, j=interpreted, Vv=VM code, C=native code)
V  [jvm.dll+0x687989]
V  [jvm.dll+0x84116a]
V  [jvm.dll+0x842dae]
V  [jvm.dll+0x843413]
V  [jvm.dll+0x249ccf]
V  [jvm.dll+0x684759]
V  [jvm.dll+0x67900a]
V  [jvm.dll+0x30ab0b]
V  [jvm.dll+0x311fb6]
V  [jvm.dll+0x361d5e]
V  [jvm.dll+0x361f8f]
V  [jvm.dll+0x2e07f8]
V  [jvm.dll+0x2e1764]
V  [jvm.dll+0x811c31]
V  [jvm.dll+0x36fc11]
V  [jvm.dll+0x7f0666]
V  [jvm.dll+0x3f3daf]
V  [jvm.dll+0x3f5a41]
C  [jli.dll+0x528f]
C  [ucrtbase.dll+0x21bb2]
C  [KERNEL32.DLL+0x17374]
C  [ntdll.dll+0x4cc91]


---------------  P R O C E S S  ---------------

Threads class SMR info:
_java_thread_list=0x00007ffe1b7fdf58, length=0, elements={
}

Java Threads: ( => current thread )

Other Threads:
  0x000001d52de583c0 GCTaskThread "GC Thread#0" [stack: 0x00000068b0100000,0x00000068b0200000] [id=11428]
  0x000001d52de69f20 ConcurrentGCThread "G1 Main Marker" [stack: 0x00000068b0200000,0x00000068b0300000] [id=9936]
  0x000001d52de6a940 ConcurrentGCThread "G1 Conc#0" [stack: 0x00000068b0300000,0x00000068b0400000] [id=1568]

[error occurred during error reporting (printing all threads), id 0xc0000005, EXCEPTION_ACCESS_VIOLATION (0xc0000005) at pc=0x00007ffe1afb13c7]

VM state: not at safepoint (not fully initialized)

VM Mutex/Monitor currently owned by a thread:  ([mutex/lock_event])
[0x000001d52ddfe6f0] Heap_lock - owner thread: 0x000001d52de021a0

Heap address: 0x000000008a000000, size: 1888 MB, Compressed Oops mode: 32-bit

CDS archive(s) mapped at: [0x0000000000000000-0x0000000000000000-0x0000000000000000), size 0, SharedBaseAddress: 0x0000000800000000, ArchiveRelocationMode: 1.
Narrow klass base: 0x0000000000000000, Narrow klass shift: 0, Narrow klass range: 0x0

GC Precious Log:
<Empty>

Heap:
 garbage-first heap   total 0K, used 0K [0x000000008a000000, 0x0000000100000000)
  region size 1024K, 0 young (0K), 0 survivors (0K)
 Metaspace       used 0K, committed 0K, reserved 0K
  class space    used 0K, committed 0K, reserved 0K

Heap Regions: E=young(eden), S=young(survivor), O=old, HS=humongous(starts), HC=humongous(continues), CS=collection set, F=free, OA=open archive, CA=closed archive, TAMS=top-at-mark-start (previous, next)

Card table byte_map: [0x000001d540e80000,0x000001d541230000] _byte_map_base: 0x000001d540a30000

Marking Bits (Prev, Next): (CMBitMap*) 0x000001d52de5a9f0, (CMBitMap*) 0x000001d52de5aa30
 Prev Bits: [0x000001d5415e0000, 0x000001d543360000)
 Next Bits: [0x000001d543360000, 0x000001d5450e0000)

GC Heap History (0 events):
No events

Dll operation events (1 events):
Event: 0.005 Loaded shared library C:\Program Files\JetBrains\IntelliJIdea2024.1\jbr\bin\java.dll

Deoptimization events (0 events):
No events

Classes unloaded (0 events):
No events

Classes redefined (0 events):
No events

Internal exceptions (0 events):
No events

VM Operations (0 events):
No events

Events (0 events):
No events


Dynamic libraries:
0x00007ff675510000 - 0x00007ff67551a000 	C:\Program Files\JetBrains\IntelliJIdea2024.1\jbr\bin\java.exe
0x00007ffe70cf0000 - 0x00007ffe70ee8000 	C:\Windows\SYSTEM32\ntdll.dll
0x00007ffe6fc00000 - 0x00007ffe6fcc1000 	C:\Windows\System32\KERNEL32.DLL
0x00007ffe6e860000 - 0x00007ffe6eb56000 	C:\Windows\System32\KERNELBASE.dll
0x00007ffe6e760000 - 0x00007ffe6e860000 	C:\Windows\System32\ucrtbase.dll
0x00007ffe69a00000 - 0x00007ffe69a17000 	C:\Program Files\JetBrains\IntelliJIdea2024.1\jbr\bin\jli.dll
0x00007ffe59b60000 - 0x00007ffe59b7b000 	C:\Program Files\JetBrains\IntelliJIdea2024.1\jbr\bin\VCRUNTIME140.dll
0x00007ffe6f0b0000 - 0x00007ffe6f24f000 	C:\Windows\System32\USER32.dll
0x00007ffe6ec40000 - 0x00007ffe6ec62000 	C:\Windows\System32\win32u.dll
0x00007ffe6f080000 - 0x00007ffe6f0ab000 	C:\Windows\System32\GDI32.dll
0x00007ffe58d60000 - 0x00007ffe58ffa000 	C:\Windows\WinSxS\amd64_microsoft.windows.common-controls_6595b64144ccf1df_6.0.19041.4355_none_60b8b9eb71f62e16\COMCTL32.dll
0x00007ffe6e410000 - 0x00007ffe6e527000 	C:\Windows\System32\gdi32full.dll
0x00007ffe6f300000 - 0x00007ffe6f39e000 	C:\Windows\System32\msvcrt.dll
0x00007ffe6e690000 - 0x00007ffe6e72d000 	C:\Windows\System32\msvcp_win.dll
0x00007ffe6fee0000 - 0x00007ffe6ff0f000 	C:\Windows\System32\IMM32.DLL
0x00007ffe6ae10000 - 0x00007ffe6ae1c000 	C:\Program Files\JetBrains\IntelliJIdea2024.1\jbr\bin\vcruntime140_1.dll
0x00007ffe48f50000 - 0x00007ffe48fdd000 	C:\Program Files\JetBrains\IntelliJIdea2024.1\jbr\bin\msvcp140.dll
0x00007ffe1acc0000 - 0x00007ffe1b942000 	C:\Program Files\JetBrains\IntelliJIdea2024.1\jbr\bin\server\jvm.dll
0x00007ffe707c0000 - 0x00007ffe70870000 	C:\Windows\System32\ADVAPI32.dll
0x00007ffe6fb50000 - 0x00007ffe6fbf0000 	C:\Windows\System32\sechost.dll
0x00007ffe6f5b0000 - 0x00007ffe6f6d3000 	C:\Windows\System32\RPCRT4.dll
0x00007ffe6e730000 - 0x00007ffe6e757000 	C:\Windows\System32\bcrypt.dll
0x00007ffe6b7a0000 - 0x00007ffe6b7c7000 	C:\Windows\SYSTEM32\WINMM.dll
0x00007ffe6e0d0000 - 0x00007ffe6e11b000 	C:\Windows\SYSTEM32\POWRPROF.dll
0x00007ffe584f0000 - 0x00007ffe584f9000 	C:\Windows\SYSTEM32\WSOCK32.dll
0x00007ffe64140000 - 0x00007ffe6414a000 	C:\Windows\SYSTEM32\VERSION.dll
0x00007ffe6fce0000 - 0x00007ffe6fd4b000 	C:\Windows\System32\WS2_32.dll
0x00007ffe6e0b0000 - 0x00007ffe6e0c2000 	C:\Windows\SYSTEM32\UMPDC.dll
0x00007ffe6cb70000 - 0x00007ffe6cb82000 	C:\Windows\SYSTEM32\kernel.appcore.dll
0x00007ffe69e80000 - 0x00007ffe69e8a000 	C:\Program Files\JetBrains\IntelliJIdea2024.1\jbr\bin\jimage.dll
0x00007ffe6c1c0000 - 0x00007ffe6c3a4000 	C:\Windows\SYSTEM32\DBGHELP.DLL
0x00007ffe6b7d0000 - 0x00007ffe6b804000 	C:\Windows\SYSTEM32\dbgcore.DLL
0x00007ffe6eb60000 - 0x00007ffe6ebe2000 	C:\Windows\System32\bcryptPrimitives.dll
0x00007ffe69a20000 - 0x00007ffe69a45000 	C:\Program Files\JetBrains\IntelliJIdea2024.1\jbr\bin\java.dll

dbghelp: loaded successfully - version: 4.0.5 - missing functions: none
symbol engine: initialized successfully - sym options: 0x614 - pdb path: .;C:\Program Files\JetBrains\IntelliJIdea2024.1\jbr\bin;C:\Windows\SYSTEM32;C:\Windows\WinSxS\amd64_microsoft.windows.common-controls_6595b64144ccf1df_6.0.19041.4355_none_60b8b9eb71f62e16;C:\Program Files\JetBrains\IntelliJIdea2024.1\jbr\bin\server

VM Arguments:
java_command: git4idea.http.GitAskPassApp Username for 'https://github.com': 
java_class_path (initial): C:/Program Files/JetBrains/IntelliJIdea2024.1/plugins/vcs-git/lib/git4idea-rt.jar;C:/Program Files/JetBrains/IntelliJIdea2024.1/lib/externalProcess-rt.jar
Launcher Type: SUN_STANDARD

[Global flags]
     intx CICompilerCount                          = 4                                         {product} {ergonomic}
     uint ConcGCThreads                            = 3                                         {product} {ergonomic}
     uint G1ConcRefinementThreads                  = 10                                        {product} {ergonomic}
   size_t G1HeapRegionSize                         = 1048576                                   {product} {ergonomic}
    uintx GCDrainStackTargetSize                   = 64                                        {product} {ergonomic}
   size_t InitialHeapSize                          = 123731968                                 {product} {ergonomic}
   size_t MarkStackSize                            = 4194304                                   {product} {ergonomic}
   size_t MaxHeapSize                              = 1979711488                                {product} {ergonomic}
   size_t MinHeapDeltaBytes                        = 1048576                                   {product} {ergonomic}
   size_t MinHeapSize                              = 8388608                                   {product} {ergonomic}
    uintx NonNMethodCodeHeapSize                   = 5839372                                {pd product} {ergonomic}
    uintx NonProfiledCodeHeapSize                  = 122909434                              {pd product} {ergonomic}
    uintx ProfiledCodeHeapSize                     = 122909434                              {pd product} {ergonomic}
    uintx ReservedCodeCacheSize                    = 251658240                              {pd product} {ergonomic}
     bool SegmentedCodeCache                       = true                                      {product} {ergonomic}
   size_t SoftMaxHeapSize                          = 1979711488                             {manageable} {ergonomic}
     bool UseCompressedClassPointers               = true                           {product lp64_product} {ergonomic}
     bool UseCompressedOops                        = true                           {product lp64_product} {ergonomic}
     bool UseG1GC                                  = true                                      {product} {ergonomic}
     bool UseLargePagesIndividualAllocation        = false                                  {pd product} {ergonomic}

Logging:
Log output configuration:
 #0: stdout all=warning uptime,level,tags
 #1: stderr all=off uptime,level,tags

Environment Variables:
PATH=C:\Program Files\Git\mingw64\libexec\git-core;C:\Program Files\Git\mingw64\libexec\git-core;C:\Program Files\Git\mingw64\bin;C:\Program Files\Git\usr\bin;C:\Users\Администратор\bin;C:\Windows\system32;C:\Windows;C:\Windows\System32\Wbem;C:\Windows\System32\WindowsPowerShell\v1.0;C:\Windows\System32\OpenSSH;C:\Program Files\Git\cmd;C:\Program Files\Docker\Docker\resources\bin;C:\Users\Администратор\AppData\Local\Microsoft\WindowsApps
USERNAME=Администратор
DISPLAY=:0.0
LC_ALL=en_US.UTF-8
TERM=xterm-256color
TMPDIR=C:\Users\836D~1\AppData\Local\Temp
OS=Windows_NT
PROCESSOR_IDENTIFIER=AMD64 Family 23 Model 96 Stepping 1, AuthenticAMD
TMP=C:\Users\836D~1\AppData\Local\Temp
TEMP=C:\Users\836D~1\AppData\Local\Temp



Periodic native trim disabled

JNI global refs:
JNI global refs: 0, weak refs: 0

JNI global refs memory usage: 0, weak refs: 0

OOME stack traces (most recent first):
Classloader memory used:


---------------  S Y S T E M  ---------------

OS:
 Windows 10 , 64 bit Build 19041 (10.0.19041.4597)
OS uptime: 0 days 5:58 hours
Hyper-V role detected

CPU: total 12 (initial active 12) (12 cores per cpu, 2 threads per core) family 23 model 96 stepping 1 microcode 0x0, cx8, cmov, fxsr, ht, mmx, 3dnowpref, sse, sse2, sse3, ssse3, sse4a, sse4.1, sse4.2, popcnt, lzcnt, tsc, tscinvbit, avx, avx2, aes, clmul, bmi1, bmi2, adx, sha, fma, vzeroupper, clflush, clflushopt, hv
Processor Information for all 12 processors :
  Max Mhz: 2100, Current Mhz: 2100, Mhz Limit: 2100

Memory: 4k page, system-wide physical 7544M (1318M free)
TotalPageFile size 7544M (AvailPageFile size 57M)
current process WorkingSet (physical memory assigned to process): 10M, peak: 10M
current process commit charge ("private bytes"): 64M, peak: 182M

vm_info: OpenJDK 64-Bit Server VM (17.0.10+8-b1207.12) for windows-amd64 JRE (17.0.10+8-b1207.12), built on 2024-03-15 by "builduser" with MS VC++ 16.10 / 16.11 (VS2019)

END.
